Flow report for COE328Lab6
Sat Dec 02 16:10:57 2023
Quartus II 64-Bit Version 13.0.1 Build 232 06/12/2013 Service Pack 1 SJ Web Edition


---------------------
; Table of Contents ;
---------------------
  1. Legal Notice
  2. Flow Summary
  3. Flow Settings
  4. Flow Non-Default Global Settings
  5. Flow Elapsed Time
  6. Flow OS Summary
  7. Flow Log
  8. Flow Messages
  9. Flow Suppressed Messages



----------------
; Legal Notice ;
----------------
Copyright (C) 1991-2013 Altera Corporation
Your use of Altera Corporation's design tools, logic functions 
and other software and tools, and its AMPP partner logic 
functions, and any output files from any of the foregoing 
(including device programming or simulation files), and any 
associated documentation or information are expressly subject 
to the terms and conditions of the Altera Program License 
Subscription Agreement, Altera MegaCore Function License 
Agreement, or other applicable license agreement, including, 
without limitation, that your use is for the sole purpose of 
programming logic devices manufactured by Altera and sold by 
Altera or its authorized distributors.  Please refer to the 
applicable agreement for further details.



+--------------------------------------------------------------------------------------+
; Flow Summary                                                                         ;
+------------------------------------+-------------------------------------------------+
; Flow Status                        ; Successful - Sat Dec 02 16:10:57 2023           ;
; Quartus II 64-Bit Version          ; 13.0.1 Build 232 06/12/2013 SP 1 SJ Web Edition ;
; Revision Name                      ; COE328Lab6                                      ;
; Top-level Entity Name              ; lab6                                            ;
; Family                             ; Cyclone II                                      ;
; Device                             ; EP2C35F672C6                                    ;
; Timing Models                      ; Final                                           ;
; Total logic elements               ; 142 / 33,216 ( < 1 % )                          ;
;     Total combinational functions  ; 124 / 33,216 ( < 1 % )                          ;
;     Dedicated logic registers      ; 49 / 33,216 ( < 1 % )                           ;
; Total registers                    ; 49                                              ;
; Total pins                         ; 78 / 475 ( 16 % )                               ;
; Total virtual pins                 ; 0                                               ;
; Total memory bits                  ; 0 / 483,840 ( 0 % )                             ;
; Embedded Multiplier 9-bit elements ; 0 / 70 ( 0 % )                                  ;
; Total PLLs                         ; 0 / 4 ( 0 % )                                   ;
+------------------------------------+-------------------------------------------------+


+-----------------------------------------+
; Flow Settings                           ;
+-------------------+---------------------+
; Option            ; Setting             ;
+-------------------+---------------------+
; Start date & time ; 12/02/2023 15:39:15 ;
; Main task         ; Compilation         ;
; Revision Name     ; COE328Lab6          ;
+-------------------+---------------------+


+----------------------------------------------------------------------------------------------------------------------------+
; Flow Non-Default Global Settings                                                                                           ;
+-------------------------------------+---------------------------------------+---------------+-------------+----------------+
; Assignment Name                     ; Value                                 ; Default Value ; Entity Name ; Section Id     ;
+-------------------------------------+---------------------------------------+---------------+-------------+----------------+
; COMPILER_SIGNATURE_ID               ; 198112233432326.170154955509984       ; --            ; --          ; --             ;
; EDA_GENERATE_FUNCTIONAL_NETLIST     ; On                                    ; --            ; --          ; eda_simulation ;
; EDA_OUTPUT_DATA_FORMAT              ; Verilog Hdl                           ; --            ; --          ; eda_simulation ;
; EDA_SIMULATION_TOOL                 ; ModelSim-Altera (Verilog)             ; <None>        ; --          ; --             ;
; MAX_CORE_JUNCTION_TEMP              ; 85                                    ; --            ; --          ; --             ;
; MIN_CORE_JUNCTION_TEMP              ; 0                                     ; --            ; --          ; --             ;
; PARTITION_COLOR                     ; 16764057                              ; --            ; lab6        ; Top            ;
; PARTITION_FITTER_PRESERVATION_LEVEL ; PLACEMENT_AND_ROUTING                 ; --            ; lab6        ; Top            ;
; PARTITION_NETLIST_TYPE              ; SOURCE                                ; --            ; lab6        ; Top            ;
; POWER_BOARD_THERMAL_MODEL           ; None (CONSERVATIVE)                   ; --            ; --          ; --             ;
; POWER_PRESET_COOLING_SOLUTION       ; 23 MM HEAT SINK WITH 200 LFPM AIRFLOW ; --            ; --          ; --             ;
; PROJECT_OUTPUT_DIRECTORY            ; output_files                          ; --            ; --          ; --             ;
; TOP_LEVEL_ENTITY                    ; lab6                                  ; COE328Lab6    ; --          ; --             ;
+-------------------------------------+---------------------------------------+---------------+-------------+----------------+


+-------------------------------------------------------------------------------------------------------------------------------+
; Flow Elapsed Time                                                                                                             ;
+---------------------------+--------------+-------------------------+---------------------+------------------------------------+
; Module Name               ; Elapsed Time ; Average Processors Used ; Peak Virtual Memory ; Total CPU Time (on all processors) ;
+---------------------------+--------------+-------------------------+---------------------+------------------------------------+
; Analysis & Synthesis      ; 00:00:02     ; 1.0                     ; 4648 MB             ; 00:00:02                           ;
; Fitter                    ; 00:00:06     ; 1.0                     ; 4876 MB             ; 00:00:06                           ;
; Assembler                 ; 00:00:02     ; 1.0                     ; 4563 MB             ; 00:00:02                           ;
; TimeQuest Timing Analyzer ; 00:00:01     ; 1.0                     ; 4544 MB             ; 00:00:01                           ;
; EDA Netlist Writer        ; 00:00:00     ; 1.0                     ; 4511 MB             ; 00:00:00                           ;
; EDA Netlist Writer        ; 00:00:01     ; 1.0                     ; 4519 MB             ; 00:00:00                           ;
; EDA Netlist Writer        ; 00:00:01     ; 1.0                     ; 4519 MB             ; 00:00:01                           ;
; EDA Netlist Writer        ; 00:00:01     ; 1.0                     ; 4519 MB             ; 00:00:01                           ;
; EDA Netlist Writer        ; 00:00:01     ; 1.0                     ; 4519 MB             ; 00:00:01                           ;
; Total                     ; 00:00:15     ; --                      ; --                  ; 00:00:14                           ;
+---------------------------+--------------+-------------------------+---------------------+------------------------------------+


+----------------------------------------------------------------------------------------+
; Flow OS Summary                                                                        ;
+---------------------------+------------------+-----------+------------+----------------+
; Module Name               ; Machine Hostname ; OS Name   ; OS Version ; Processor type ;
+---------------------------+------------------+-----------+------------+----------------+
; Analysis & Synthesis      ; Bin              ; Windows 7 ; 6.2        ; x86_64         ;
; Fitter                    ; Bin              ; Windows 7 ; 6.2        ; x86_64         ;
; Assembler                 ; Bin              ; Windows 7 ; 6.2        ; x86_64         ;
; TimeQuest Timing Analyzer ; Bin              ; Windows 7 ; 6.2        ; x86_64         ;
; EDA Netlist Writer        ; Bin              ; Windows 7 ; 6.2        ; x86_64         ;
; EDA Netlist Writer        ; Bin              ; Windows 7 ; 6.2        ; x86_64         ;
; EDA Netlist Writer        ; Bin              ; Windows 7 ; 6.2        ; x86_64         ;
; EDA Netlist Writer        ; Bin              ; Windows 7 ; 6.2        ; x86_64         ;
; EDA Netlist Writer        ; Bin              ; Windows 7 ; 6.2        ; x86_64         ;
+---------------------------+------------------+-----------+------------+----------------+


------------
; Flow Log ;
------------
quartus_map --read_settings_files=on --write_settings_files=off COE328Lab6 -c COE328Lab6
quartus_fit --read_settings_files=off --write_settings_files=off COE328Lab6 -c COE328Lab6
quartus_asm --read_settings_files=off --write_settings_files=off COE328Lab6 -c COE328Lab6
quartus_sta COE328Lab6 -c COE328Lab6
quartus_eda --read_settings_files=off --write_settings_files=off COE328Lab6 -c COE328Lab6
quartus_eda --gen_testbench --check_outputs=on --tool=modelsim_oem --format=verilog COE328Lab6 -c COE328Lab6 --vector_source=C:/Users/giaba/OneDrive/Desktop/Lab6_v2/lab6Waveform.vwf --testbench_file=./simulation/qsim/COE328Lab6.vt
quartus_eda --functional=on --simulation=on --tool=modelsim_oem --format=verilog COE328Lab6 -c COE328Lab6
quartus_eda --gen_testbench --check_outputs=on --tool=modelsim_oem --format=verilog COE328Lab6 -c COE328Lab6 --vector_source=C:/Users/giaba/OneDrive/Desktop/Lab6_v2/lab6Waveform.vwf --testbench_file=./simulation/qsim/COE328Lab6.vt
quartus_eda --functional=on --simulation=on --tool=modelsim_oem --format=verilog COE328Lab6 -c COE328Lab6



